[0909/114800.247:ERROR:prune_crash_reports.cc(34)] PruneCrashReportDatabase: Failed to get pending reports
[0912/074145.164:ERROR:prune_crash_reports.cc(34)] PruneCrashReportDatabase: Failed to get pending reports
[0913/074145.181:ERROR:prune_crash_reports.cc(34)] PruneCrashReportDatabase: Failed to get pending reports
[0913/105459.595:ERROR:process_reader_win.cc(182)] ResumeThread: The parameter is incorrect. (0x57)
[0913/105459.599:ERROR:process_reader_win.cc(151)] SuspendThread: Access is denied. (0x5)
[0913/105459.599:ERROR:process_reader_win.cc(151)] SuspendThread: Access is denied. (0x5)
[0913/105459.599:ERROR:process_reader_win.cc(123)] NtOpenThread: An invalid Client ID was specified. (0xc000000b)
[0913/105459.601:ERROR:process_reader_win.cc(151)] SuspendThread: Access is denied. (0x5)
[0913/105459.601:ERROR:process_reader_win.cc(151)] SuspendThread: Access is denied. (0x5)
[0913/105459.602:ERROR:process_reader_win.cc(151)] SuspendThread: Access is denied. (0x5)
[0913/105459.602:ERROR:process_reader_win.cc(151)] SuspendThread: Access is denied. (0x5)
[0913/105459.602:ERROR:process_reader_win.cc(151)] SuspendThread: Access is denied. (0x5)
[0913/105459.602:ERROR:process_reader_win.cc(151)] SuspendThread: Access is denied. (0x5)
[0913/105459.602:ERROR:exception_snapshot_win.cc(98)] thread ID 194880 not found in process
[0914/074145.182:ERROR:prune_crash_reports.cc(34)] PruneCrashReportDatabase: Failed to get pending reports
[0915/074145.185:ERROR:prune_crash_reports.cc(34)] PruneCrashReportDatabase: Failed to get pending reports
[1101/053147.003:ERROR:process_reader_win.cc(151)] SuspendThread: Access is denied. (0x5)
[1101/053147.263:ERROR:exception_snapshot_win.cc(98)] thread ID 200832 not found in process
[0109/025609.811:ERROR:process_reader_win.cc(151)] SuspendThread: Access is denied. (0x5)
[0109/025610.348:ERROR:exception_snapshot_win.cc(98)] thread ID 61112 not found in process
